#
# There is insufficient memory for the Java Runtime Environment to continue.
# Native memory allocation (mmap) failed to map 16257122304 bytes. Error detail: committing reserved memory.
# Possible reasons:
#   The system is out of physical RAM or swap space
#   This process is running with CompressedOops enabled, and the Java Heap may be blocking the growth of the native heap
# Possible solutions:
#   Reduce memory load on the system
#   Increase physical memory or swap space
#   Check if swap backing store is full
#   Decrease Java heap size (-Xmx/-Xms)
#   Decrease number of Java threads
#   Decrease Java thread stack sizes (-Xss)
#   Set larger code cache with -XX:ReservedCodeCacheSize=
#   JVM is running with Zero Based Compressed Oops mode in which the Java heap is
#     placed in the first 32GB address space. The Java Heap base address is the
#     maximum limit for the native heap growth. Please use -XX:HeapBaseMinAddress
#     to set the Java Heap base and to place the Java Heap above 32GB virtual address.
# This output file may be truncated or incomplete.
#
#  Out of Memory Error (os_linux.cpp:2831), pid=6536, tid=6540
#
# JRE version:  (21.0.8) (build )
# Java VM: OpenJDK 64-Bit Server VM (21.0.8+-14196175-b1038.72, mixed mode, sharing, tiered, compressed oops, compressed class ptrs, g1 gc, linux-amd64)
# Core dump will be written. Default location: Core dumps may be processed with "/sbin/crash_reporter --user=%P:%s:%u:%g:%f" (or dumping to /home/alyndenjayevans/GitHub/HeroesOfDArc/core.6536)
#

---------------  S U M M A R Y ------------

Command Line: -Xms15500m -Xmx15500m -Dfile.encoding=UTF-8 -Duser.country=US -Duser.language=en -Duser.variant -Dawt.toolkit.name=XToolkit com.mygame.Main

Host: Intel(R) Core(TM) i5-8200Y CPU @ 1.30GHz, 4 cores, 14G, Debian GNU/Linux 12 (bookworm)
Time: Sun Nov  9 18:02:07 2025 EST elapsed time: 0.051997 seconds (0d 0h 0m 0s)

---------------  T H R E A D  ---------------

Current thread (0x00007fb97802e530):  JavaThread "Unknown thread" [_thread_in_vm, id=6540, stack(0x00007fb97cd00000,0x00007fb97ce00000) (1024K)]

Stack: [0x00007fb97cd00000,0x00007fb97ce00000],  sp=0x00007fb97cdfe620,  free space=1017k
Native frames: (J=compiled Java code, j=interpreted, Vv=VM code, C=native code)
V  [libjvm.so+0x1090e3b]  VMError::report_and_die(int, char const*, char const*, __va_list_tag*, Thread*, unsigned char*, void*, void*, char const*, int, unsigned long)+0x56b  (os_linux.cpp:2831)
V  [libjvm.so+0x10915ea]
V  [libjvm.so+0x8c121b]
V  [libjvm.so+0xe6c83e]  os::Linux::commit_memory_impl(char*, unsigned long, bool)+0xae
V  [libjvm.so+0xe6ca34]  os::pd_commit_memory_or_exit(char*, unsigned long, unsigned long, bool, char const*)+0x24
V  [libjvm.so+0xe671c8]  os::commit_memory_or_exit(char*, unsigned long, unsigned long, bool, char const*)+0x18
V  [libjvm.so+0x9dd06c]  G1PageBasedVirtualSpace::commit_internal(unsigned long, unsigned long)+0x6c
V  [libjvm.so+0x9dd266]  G1PageBasedVirtualSpace::commit(unsigned long, unsigned long)+0x136
V  [libjvm.so+0x9e8bb3]  G1RegionsLargerThanCommitSizeMapper::commit_regions(unsigned int, unsigned long, WorkerThreads*)+0xc3
V  [libjvm.so+0xa66713]  HeapRegionManager::commit_regions(unsigned int, unsigned long, WorkerThreads*)+0x53
V  [libjvm.so+0xa66590]  HeapRegionManager::expand(unsigned int, unsigned int, WorkerThreads*)+0x20
V  [libjvm.so+0xa66fe6]  HeapRegionManager::expand_by(unsigned int, WorkerThreads*)+0x76
V  [libjvm.so+0x997b16]  G1CollectedHeap::expand(unsigned long, WorkerThreads*, double*)+0xc6
V  [libjvm.so+0x998ed2]  G1CollectedHeap::initialize()+0x6e2
V  [libjvm.so+0x10467c4]  universe_init()+0xb4
V  [libjvm.so+0xa803d3]  init_globals()+0x53
V  [libjvm.so+0x1028f78]  Threads::create_vm(JavaVMInitArgs*, bool*)+0x2b8
V  [libjvm.so+0xb58572]  JNI_CreateJavaVM+0x52
C  [libjli.so+0x10ac2]  JavaMain+0x112
C  [libjli.so+0x13789]  ThreadJavaMain+0x9

---------------  P R O C E S S  ---------------

Threads class SMR info:
_java_thread_list=0x00007fb97e02e018, length=0, elements={
}

Java Threads: ( => current thread )
Total: 0

Other Threads:
  0x00007fb978058e30 WorkerThread "GC Thread#0"                     [id=6541, stack(0x00007fb97c56f000,0x00007fb97c66f000) (1024K)]
  0x00007fb978069660 ConcurrentGCThread "G1 Main Marker"            [id=6542, stack(0x00007fb97c46e000,0x00007fb97c56e000) (1024K)]
  0x00007fb97806a600 WorkerThread "G1 Conc#0"                       [id=6543, stack(0x00007fb97c36d000,0x00007fb97c46d000) (1024K)]

[error occurred during error reporting (printing all threads), id 0xb, SIGSEGV (0xb) at pc=0x00007fb97d7b51b0]
VM state: not at safepoint (not fully initialized)

VM Mutex/Monitor currently owned by a thread:  ([mutex/lock_event])
[0x00007fb97e00a830] Heap_lock - owner thread: 0x00007fb97802e530

Heap address: 0x0000000437000000, size: 15504 MB, Compressed Oops mode: Zero based, Oop shift amount: 3

CDS archive(s) mapped at: [0x0000000000000000-0x0000000000000000-0x0000000000000000), size 0, SharedBaseAddress: 0x0000000800000000, ArchiveRelocationMode: 1.
Narrow klass base: 0x0000000000000000, Narrow klass shift: 0, Narrow klass range: 0x0

GC Precious Log:
 CardTable entry size: 512
 Card Set container configuration: InlinePtr #cards 4 size 8 Array Of Cards #cards 64 size 144 Howl #buckets 8 coarsen threshold 14745 Howl Bitmap #cards 2048 size 272 coarsen threshold 1843 Card regions per heap region 1 cards per card region 16384

Heap:
 garbage-first heap   total 0K, used 0K [0x0000000437000000, 0x0000000800000000)
  region size 8192K, 0 young (0K), 0 survivors (0K)
 Metaspace       used 0K, committed 0K, reserved 0K
  class space    used 0K, committed 0K, reserved 0K

Heap Regions: E=young(eden), S=young(survivor), O=old, HS=humongous(starts), HC=humongous(continues), CS=collection set, F=free, TAMS=top-at-mark-start, PB=parsable bottom

Card table byte_map: [0x00007fb962170000,0x00007fb963fb8000] _byte_map_base: 0x00007fb95ffb8000

Marking Bits: (CMBitMap*) 0x00007fb978059950
 Bits: [0x00007fb952f30000, 0x00007fb962170000)

GC Heap History (0 events):
No events

Dll operation events (1 events):
Event: 0.004 Loaded shared library /opt/android-studio/jbr/lib/libjava.so

Deoptimization events (0 events):
No events

Classes loaded (0 events):
No events

Classes unloaded (0 events):
No events

Classes redefined (0 events):
No events

Internal exceptions (0 events):
No events

ZGC Phase Switch (0 events):
No events

VM Operations (0 events):
No events

Memory protections (1 events):
Event: 0.004 Protecting memory [0x00007fb97cd00000,0x00007fb97cd04000] with protection modes 0

Nmethod flushes (0 events):
No events

Events (0 events):
No events


Dynamic libraries:
558c93a84000-558c93a85000 r--p 00000000 00:2e 50809                      /opt/android-studio/jbr/bin/java
558c93a85000-558c93a86000 r-xp 00000000 00:2e 50809                      /opt/android-studio/jbr/bin/java
558c93a86000-558c93a88000 r--p 00000000 00:2e 50809                      /opt/android-studio/jbr/bin/java
558c93a88000-558c93a89000 rw-p 00001000 00:2e 50809                      /opt/android-studio/jbr/bin/java
558ca8c06000-558ca8c4e000 rw-p 00000000 00:00 0                          [heap]
7fb944000000-7fb944021000 rw-p 00000000 00:00 0 
7fb944021000-7fb948000000 ---p 00000000 00:00 0 
7fb948000000-7fb948021000 rw-p 00000000 00:00 0 
7fb948021000-7fb94c000000 ---p 00000000 00:00 0 
7fb94c000000-7fb94c021000 rw-p 00000000 00:00 0 
7fb94c021000-7fb950000000 ---p 00000000 00:00 0 
7fb950a52000-7fb952f30000 rw-p 00000000 00:00 0 
7fb952f30000-7fb965e00000 ---p 00000000 00:00 0 
7fb965e00000-7fb966070000 rwxp 00000000 00:00 0 
7fb966070000-7fb96d337000 ---p 00000000 00:00 0 
7fb96d337000-7fb96d5a7000 rwxp 00000000 00:00 0 
7fb96d5a7000-7fb96d8c8000 ---p 00000000 00:00 0 
7fb96d8c8000-7fb96db38000 rwxp 00000000 00:00 0 
7fb96db38000-7fb974e00000 ---p 00000000 00:00 0 
7fb974e00000-7fb977f76000 r--s 00000000 00:2e 51231                      /opt/android-studio/jbr/lib/modules
7fb978000000-7fb978089000 rw-p 00000000 00:00 0 
7fb978089000-7fb97c000000 ---p 00000000 00:00 0 
7fb97c069000-7fb97c36c000 rw-p 00000000 00:00 0 
7fb97c36c000-7fb97c36d000 ---p 00000000 00:00 0 
7fb97c36d000-7fb97c46d000 rw-p 00000000 00:00 0 
7fb97c46d000-7fb97c46e000 ---p 00000000 00:00 0 
7fb97c46e000-7fb97c56e000 rw-p 00000000 00:00 0 
7fb97c56e000-7fb97c56f000 ---p 00000000 00:00 0 
7fb97c56f000-7fb97cb2f000 rw-p 00000000 00:00 0 
7fb97cb2f000-7fb97cc15000 ---p 00000000 00:00 0 
7fb97cc15000-7fb97cc1a000 rw-p 00000000 00:00 0 
7fb97cc1a000-7fb97cd00000 ---p 00000000 00:00 0 
7fb97cd00000-7fb97cd04000 ---p 00000000 00:00 0 
7fb97cd04000-7fb97ce00000 rw-p 00000000 00:00 0 
7fb97ce00000-7fb97d35b000 r--p 00000000 00:2e 51241                      /opt/android-studio/jbr/lib/server/libjvm.so
7fb97d35b000-7fb97dee9000 r-xp 0055a000 00:2e 51241                      /opt/android-studio/jbr/lib/server/libjvm.so
7fb97dee9000-7fb97dfb6000 r--p 010e7000 00:2e 51241                      /opt/android-studio/jbr/lib/server/libjvm.so
7fb97dfb6000-7fb97dfd9000 rw-p 011b3000 00:2e 51241                      /opt/android-studio/jbr/lib/server/libjvm.so
7fb97dfd9000-7fb97e051000 rw-p 00000000 00:00 0 
7fb97e069000-7fb97e0af000 rw-p 00000000 00:00 0 
7fb97e0af000-7fb97e0b6000 ---p 00000000 00:00 0 
7fb97e0b6000-7fb97e0c8000 r--p 00000000 00:2e 51206                      /opt/android-studio/jbr/lib/libjava.so
7fb97e0c8000-7fb97e0d6000 r-xp 00011000 00:2e 51206                      /opt/android-studio/jbr/lib/libjava.so
7fb97e0d6000-7fb97e0d8000 r--p 0001e000 00:2e 51206                      /opt/android-studio/jbr/lib/libjava.so
7fb97e0d8000-7fb97e0da000 rw-p 0001f000 00:2e 51206                      /opt/android-studio/jbr/lib/libjava.so
7fb97e0da000-7fb97e0e2000 rw-s 00000000 00:2e 142002                     /tmp/hsperfdata_alyndenjayevans/6536
7fb97e0e2000-7fb97e0ed000 r--p 00000000 00:2e 51210                      /opt/android-studio/jbr/lib/libjimage.so
7fb97e0ed000-7fb97e101000 r-xp 0000a000 00:2e 51210                      /opt/android-studio/jbr/lib/libjimage.so
7fb97e101000-7fb97e103000 r--p 0001d000 00:2e 51210                      /opt/android-studio/jbr/lib/libjimage.so
7fb97e103000-7fb97e104000 rw-p 0001e000 00:2e 51210                      /opt/android-studio/jbr/lib/libjimage.so
7fb97e104000-7fb97e105000 rw-p 00000000 00:00 0 
7fb97e105000-7fb97e106000 r--p 00000000 00:2e 105903                     /usr/lib/x86_64-linux-gnu/librt.so.1
7fb97e106000-7fb97e107000 r-xp 00001000 00:2e 105903                     /usr/lib/x86_64-linux-gnu/librt.so.1
7fb97e107000-7fb97e108000 r--p 00002000 00:2e 105903                     /usr/lib/x86_64-linux-gnu/librt.so.1
7fb97e108000-7fb97e109000 r--p 00002000 00:2e 105903                     /usr/lib/x86_64-linux-gnu/librt.so.1
7fb97e109000-7fb97e10a000 rw-p 00003000 00:2e 105903                     /usr/lib/x86_64-linux-gnu/librt.so.1
7fb97e10a000-7fb97e11a000 r--p 00000000 00:2e 105892                     /usr/lib/x86_64-linux-gnu/libm.so.6
7fb97e11a000-7fb97e18e000 r-xp 00010000 00:2e 105892                     /usr/lib/x86_64-linux-gnu/libm.so.6
7fb97e18e000-7fb97e1e8000 r--p 00084000 00:2e 105892                     /usr/lib/x86_64-linux-gnu/libm.so.6
7fb97e1e8000-7fb97e1e9000 r--p 000dd000 00:2e 105892                     /usr/lib/x86_64-linux-gnu/libm.so.6
7fb97e1e9000-7fb97e1ea000 rw-p 000de000 00:2e 105892                     /usr/lib/x86_64-linux-gnu/libm.so.6
7fb97e1ea000-7fb97e1ec000 rw-p 00000000 00:00 0 
7fb97e1ec000-7fb97e212000 r--p 00000000 00:2e 105889                     /usr/lib/x86_64-linux-gnu/libc.so.6
7fb97e212000-7fb97e368000 r-xp 00026000 00:2e 105889                     /usr/lib/x86_64-linux-gnu/libc.so.6
7fb97e368000-7fb97e3bb000 r--p 0017c000 00:2e 105889                     /usr/lib/x86_64-linux-gnu/libc.so.6
7fb97e3bb000-7fb97e3bf000 r--p 001cf000 00:2e 105889                     /usr/lib/x86_64-linux-gnu/libc.so.6
7fb97e3bf000-7fb97e3c1000 rw-p 001d3000 00:2e 105889                     /usr/lib/x86_64-linux-gnu/libc.so.6
7fb97e3c1000-7fb97e3ce000 rw-p 00000000 00:00 0 
7fb97e3ce000-7fb97e3cf000 r--p 00000000 00:2e 105891                     /usr/lib/x86_64-linux-gnu/libdl.so.2
7fb97e3cf000-7fb97e3d0000 r-xp 00001000 00:2e 105891                     /usr/lib/x86_64-linux-gnu/libdl.so.2
7fb97e3d0000-7fb97e3d1000 r--p 00002000 00:2e 105891                     /usr/lib/x86_64-linux-gnu/libdl.so.2
7fb97e3d1000-7fb97e3d2000 r--p 00002000 00:2e 105891                     /usr/lib/x86_64-linux-gnu/libdl.so.2
7fb97e3d2000-7fb97e3d3000 rw-p 00003000 00:2e 105891                     /usr/lib/x86_64-linux-gnu/libdl.so.2
7fb97e3d3000-7fb97e3d4000 r--p 00000000 00:2e 105901                     /usr/lib/x86_64-linux-gnu/libpthread.so.0
7fb97e3d4000-7fb97e3d5000 r-xp 00001000 00:2e 105901                     /usr/lib/x86_64-linux-gnu/libpthread.so.0
7fb97e3d5000-7fb97e3d6000 r--p 00002000 00:2e 105901                     /usr/lib/x86_64-linux-gnu/libpthread.so.0
7fb97e3d6000-7fb97e3d7000 r--p 00002000 00:2e 105901                     /usr/lib/x86_64-linux-gnu/libpthread.so.0
7fb97e3d7000-7fb97e3d8000 rw-p 00003000 00:2e 105901                     /usr/lib/x86_64-linux-gnu/libpthread.so.0
7fb97e3df000-7fb97e3e0000 ---p 00000000 00:00 0 
7fb97e3e0000-7fb97e3e1000 r--p 00000000 00:00 0 
7fb97e3e1000-7fb97e3e2000 ---p 00000000 00:00 0 
7fb97e3e2000-7fb97e3eb000 r--p 00000000 00:2e 51211                      /opt/android-studio/jbr/lib/libjli.so
7fb97e3eb000-7fb97e3fa000 r-xp 00008000 00:2e 51211                      /opt/android-studio/jbr/lib/libjli.so
7fb97e3fa000-7fb97e3fb000 r--p 00016000 00:2e 51211                      /opt/android-studio/jbr/lib/libjli.so
7fb97e3fb000-7fb97e3fc000 rw-p 00016000 00:2e 51211                      /opt/android-studio/jbr/lib/libjli.so
7fb97e3fc000-7fb97e3fe000 rw-p 00000000 00:00 0 
7fb97e3fe000-7fb97e3ff000 r--p 00000000 00:2e 105886                     /usr/lib/x86_64-linux-gnu/ld-linux-x86-64.so.2
7fb97e3ff000-7fb97e425000 r-xp 00001000 00:2e 105886                     /usr/lib/x86_64-linux-gnu/ld-linux-x86-64.so.2
7fb97e425000-7fb97e42f000 r--p 00027000 00:2e 105886                     /usr/lib/x86_64-linux-gnu/ld-linux-x86-64.so.2
7fb97e42f000-7fb97e431000 r--p 00031000 00:2e 105886                     /usr/lib/x86_64-linux-gnu/ld-linux-x86-64.so.2
7fb97e431000-7fb97e433000 rw-p 00033000 00:2e 105886                     /usr/lib/x86_64-linux-gnu/ld-linux-x86-64.so.2
7ffce59c0000-7ffce59e3000 rw-p 00000000 00:00 0                          [stack]
7ffce59f0000-7ffce59f4000 r--p 00000000 00:00 0                          [vvar]
7ffce59f4000-7ffce59f6000 r-xp 00000000 00:00 0                          [vdso]
ffffffffff600000-ffffffffff601000 --xp 00000000 00:00 0                  [vsyscall]
Total number of mappings: 95

JVMTI agents: none


VM Arguments:
jvm_args: -Xms15500m -Xmx15500m -Dfile.encoding=UTF-8 -Duser.country=US -Duser.language=en -Duser.variant -Dawt.toolkit.name=XToolkit 
java_command: com.mygame.Main
java_class_path (initial): /home/alyndenjayevans/GitHub/HeroesOfDArc/build/classes/java/main:/home/alyndenjayevans/GitHub/HeroesOfDArc/build/resources/main:/home/alyndenjayevans/.gradle/caches/modules-2/files-2.1/org.jmonkeyengine/jme3-lwjgl3/3.8.1-stable/3031c655fa4bc31d4f27ed93edd7b3c7ce575b0f/jme3-lwjgl3-3.8.1-stable.jar:/home/alyndenjayevans/.gradle/caches/modules-2/files-2.1/org.jmonkeyengine/jme3-desktop/3.8.1-stable/e6fb38514a08947148427494a22f212862bce1f1/jme3-desktop-3.8.1-stable.jar:/home/alyndenjayevans/.gradle/caches/modules-2/files-2.1/org.jmonkeyengine/jme3-awt-dialogs/3.8.1-stable/5d7855ce08e28f8d841dba419ebaddef80dd4de1/jme3-awt-dialogs-3.8.1-stable.jar:/home/alyndenjayevans/.gradle/caches/modules-2/files-2.1/org.jmonkeyengine/jme3-jogg/3.8.1-stable/bda77a6b044486bf806fc349ac48559580da656b/jme3-jogg-3.8.1-stable.jar:/home/alyndenjayevans/.gradle/caches/modules-2/files-2.1/org.jmonkeyengine/jme3-plugins/3.8.1-stable/1eecfc701aaeb6e15fc42b99c26ebb102ce7f9ad/jme3-plugins-3.8.1-stable.jar:/home/alyndenjayevans/.gradle/caches/modules-2/files-2.1/org.jmonkeyengine/jme3-niftygui/3.8.1-stable/c88dd9fd148d30f8ae70665f26d7cceb8fbe1d87/jme3-niftygui-3.8.1-stable.jar:/home/alyndenjayevans/.gradle/caches/modules-2/files-2.1/org.jmonkeyengine/jme3-jbullet/3.8.1-stable/eaf6a4d18b2acec9861e7eac3aadf6a1f7685a0b/jme3-jbullet-3.8.1-stable.jar:/home/alyndenjayevans/.gradle/caches/modules-2/files-2.1/org.jmonkeyengine/jme3-networking/3.8.1-stable/5ae661e6975671f37820e0972794668365baf044/jme3-networking-3.8.1-stable.jar:/home/alyndenjayevans/.gradle/caches/modules-2/files-2.1/org.jmonkeyengine/jme3-terrain/3.8.1-stable/4675b508f919b49b80ac0ac2eb49c19b0ef2a074/jme3-terrain-3.8.1-stable.jar:/home/alyndenjayevans/.gradle/caches/modules-2/files-2.1/org.jmonkeyengine/jme3-core/3.8.1-stable/c936796d9744ed1ed48f561a1c926de34f1017dc/jme3-core-3.8.1-stable.jar:/home/alyndenjayevans/GitHub/HeroesOfDArc/build/assets/libs/assets.jar:/home/alyndenjayevans/.gradle/caches/modules-2/files-2.1/org.lwjglx/lwjgl3-awt/0.2.3/2be63e81d6b73300d8203ce7235b2660c62eb3ea/lwjgl3-awt-0.2.3.jar:/home/alyndenjayevans/.gradle/caches/modules-2/files-2.1/org.lwjgl/lwjgl-glfw/3.3.6/7119f7d0eeb1e5502ff0ca71d2b4d47317da015/lwjgl-glfw-3.3.6.jar:/home/alyndenjayevans/.gradle/caches/modules-2/files-2.1/org.lwjgl/lwjgl-glfw/3.3.6/99ef08056feb9627f90425a4d2a22cd9fae8e39b/lwjgl-glfw-3.3.6-natives-windows.jar:/home/alyndenjayevans/.gradle/caches/modules-2/files-2.1/org.lwjgl/lwjgl-glfw/3.3.6/cfa8f1e96d572ed56da5945adf5167628f5eecdb/lwjgl-glfw-3.3.6-natives-windows-x86.jar:/home/alyndenjayevans/.gradle/caches/modules-2/files-2.1/org.lwjgl/lwjgl-glfw/3.3.6/797e0965709ad180d9b00c88a086dbda15002203/lwjgl-glfw-3.3.6-natives-linux.jar:/home/alyndenjayevans/.gradle/caches/modules-2/files-2.1/org.lwjgl/lwjgl-glfw/3.3.6/671adf04a6bc4f792af13892e37f804be30b7070/lwjgl-glfw-3.3.6-natives-linux-arm32.jar:/home/alyndenjayevans/.gradle/caches/modules-2/files-2.1/org.lwjgl/lwjgl-glfw/3.3.6/b54023af492b4c2c72451f3a7aa0f385e9969474/lwjgl-glfw-3.3.6-natives-linux-arm64.jar:/home/alyndenjayevans/.gradle/caches/modules-2/files-2.1/org.lwjgl/lwjgl-glfw/3.3.6/82c8d748a654241b5961ddd1c098e8b648e38a48/lwjgl-glfw-3.3.6-natives-macos.jar:/home/alyndenjayevans/.gradle/caches/modules-2/files-2.1/org.lwjgl/lwjgl-glfw/3.3.6/399b42b491c5dfa6595ae6fd79dcba61b93538a7/lwjgl-glfw-3.3.6-natives-macos-arm64.jar:/home/alyndenjayevans/.gradle/caches/modules-2/files-2.1/org.lwjgl/lwjgl-jawt/3.3.6/43299e222bd7db5e99254a8e620330954b73c2a6/lwjgl-jawt-3.3.6.jar:/home/alyndenjayevans/.gradle/caches/modules-2/files-2.1/org.lwjgl/lwjgl-jemalloc/3.3.6/245910eb57f2444429c74e6bf96030e5ec0a6739/lwjgl-jemalloc-3.3.6.jar:/home/alyndenjayevans/.gradle/caches/modules-2/files-2.1/org.lwjgl/lwjgl-jemalloc/3.3.6/f9da76351e14a695be172d6915c8a7b2905307f/lwjgl-jemalloc-3.3.6-natives-windows.jar:/home/alyndenjayevans/.gradle/caches/modules-2/files-2.1/org.lwjgl/lwjgl-jemalloc/3.3.6/c86043a342a33e5d32fabf962578580633db3c6e/lwjgl-jemalloc-3.3.6-natives-windows-x86.jar:/home/alyndenjayevans/.gradle/caches/modules-2/files-2.1/org.lwjgl/lwjgl-jemalloc/3.3.6/26f8b467dc2e0f3000d608de3564b572bb46f927/lwjgl-jemalloc-3.3.6-natives-linux.jar:/home/alyndenjayevans/.gradle/caches/modules-2/files-2.1/org.lwjgl/lwjgl-jemalloc/3.3.6/c484cae39a718010dbc7931fe5e12664600a13c2/lwjgl-jemalloc-3.3.6-natives-linux-arm32.jar:/home/alyndenjayevans/.gradle/caches/modules-2/files-2.1/org.lwjgl/lwjgl-jemalloc/3.3.6/1bc2e16e70df7f418d668c2984ac8066f1f6f5b1/lwjgl-jemalloc-3.3.6-natives-linux-arm64.jar:/home/alyndenjayevans/.gradle/caches/modules-2/files-2.1/org.lwjgl/lwjgl-jemalloc/3.3.6/9a42df0f2e9747815490311d7db7b4a046d5f40/lwjgl-jemalloc-3.3.6-natives-macos.jar:/home/alyndenjayevans/.gradle/caches/modules-2/files-2.1/org.lwjgl/lwjgl-jemalloc/3.3.6/1f828c1fc06792475850162725433adf5ad001c0/lwjgl-jemalloc-3.3.6-natives-macos-arm64.jar:/home/alyndenjayevans/.gradle/caches/modules-2/files-2.1/org.lwjgl/lwjgl-openal/3.3.6/ad313317ff399fd2a7f4dd74716a68cf3976c6ad/lwjgl-openal-3.3.6.jar:/home/alyndenjayevans/.gradle/caches/modules-2/files-2.1/org.lwjgl/lwjgl-openal/3.3.6/9c2b9b660e085bb0b47a4453dc0e26f24a5475e4/lwjgl-openal-3.3.6-natives-windows.jar:/home/alyndenjayevans/.gradle/caches/modules-2/files-2.1/org.lwjgl/lwjgl-openal/3.3.6/82f693541d69aa125750bf8be9c4194435c56f03/lwjgl-openal-3.3.6-natives-windows-x86.jar:/home/alyndenjayevans/.gradle/caches/modules-2/files-2.1/org.lwjgl/lwjgl-openal/3.3.6/ef356c04ef141d4efbde07793f31784f1f1a1bae/lwjgl-openal-3.3.6-natives-linux.jar:/home/alyndenjayevans/.gradle/caches/modules-2/files-2.1/org.lwjgl/lwjgl-openal/3.3.6/7830af894fa110e65bf5075deb9183efbdbc50f5/lwjgl-openal-3.3.6-natives-linux-arm32.jar:/home/alyndenjayevans/.gradle/caches/modules-2/files-2.1/org.lwjgl/lwjgl-openal/3.3.6/fd2c17603c63e8d543cb57d1db77ebd4574f3b7a/lwjgl-openal-3.3.6-natives-linux-arm64.jar:/home/alyndenjayevans/.gradle/caches/modules-2/files-2.1/org.lwjgl/lwjgl-openal/3.3.6/c39f6827f0bd97601fc4e389801d5c813f59a5f2/lwjgl-openal-3.3.6-natives-macos.jar:/home/alyndenjayevans/.gradle/caches/modules-2/files-2.1/org.lwjgl/lwjgl-openal/3.3.6/13f692aec4ae4b2d3c468aa0008472175f0ea1e0/lwjgl-openal-3.3.6-natives-macos-arm64.jar:/home/alyndenjayevans/.gradle/caches/modules-2/files-2.1/org.lwjgl/lwjgl-opencl/3.3.6/93fdcea16d27b1466450e38dc28c8e1b4819ec25/lwjgl-opencl-3.3.6.jar:/home/alyndenjayevans/.gradle/caches/modules-2/files-2.1/org.lwjgl/lwjgl-opengl/3.3.6/ac2532612a4df374e9a9282bcf8ce2573018ebbb/lwjgl-opengl-3.3.6.jar:/home/alyndenjayevans/.gradle/caches/modules-2/files-2.1/org.lwjgl/lwjgl-opengl/3.3.6/18dc639ebc94aa5202c2157f7490d28997b697c5/lwjgl-opengl-3.3.6-natives-windows.jar:/home/alyndenjayevans/.gradle/caches/modules-2/files-2.1/org.lwjgl/lwjgl-opengl/3.3.6/b0ab1d0e315d2fcc50d6cab7e8feaf4688d5d9a0/lwjgl-opengl-3.3.6-natives-windows-x86.jar:/home/alyndenjayevans/.gradle/caches/modules-2/files-2.1/org.lwjgl/lwjgl-opengl/3.3.6/b8dc6467fe232d552793c53dc56f9fa8a385299c/lwjgl-opengl-3.3.6-natives-linux.jar:/home/alyndenjayevans/.gradle/caches/modules-2/files-2.1/org.lwjgl/lwjgl-opengl/3.3.6/ee815fbf454b916f13c10fff62e513eb09042ef0/lwjgl-opengl-3.3.6-natives-linux-arm32.jar:/home/alyndenjayevans/.gradle/caches/modules-2/files-2.1/org.lwjgl/lwjgl-opengl/3.3.6/44de180f79e0b45c9e5bee10ca7540dcb5ddd373/lwjgl-opengl-3.3.6-natives-linux-arm64.jar:/home/alyndenjayevans/.gradle/caches/modules-2/files-2.1/org.lwjgl/lwjgl-opengl/3.3.6/59f708eb4bf0be0204bbc9c06807911724673db6/lwjgl-opengl-3.3.6-natives-macos.jar:/home/alyndenjayevans/.gradle/caches/modules-2/files-2.1/org.lwjgl/lwjgl-opengl/3.3.6/fee4fb2ee786af6530b6f9188205a76bc4e05268/lwjgl-opengl-3.3.6-natives-macos-arm64.jar:/home/alyndenjayevans/.gradle/caches/modules-2/files-2.1/org.lwjgl/lwjgl/3.3.6/ce7721d30cfaf47feaed10213e0c43eb55c49d68/lwjgl-3.3.6.jar:/home/alyndenjayevans/.gradle/caches/modules-2/files-2.1/org.lwjgl/lwjgl/3.3.6/9a29b6a22fc5184604b8cb434ee5d5ecc4bfcbee/lwjgl-3.3.6-natives-windows.jar:/home/alyndenjayevans/.gradle/caches/modules-2/files-2.1/org.lwjgl/lwjgl/3.3.6/7a6f04e02429ba2f4bda9be191347bb7d3c71127/lwjgl-3.3.6-natives-windows-x86.jar:/home/alyndenjayevans/.gradle/caches/modules-2/files-2.1/org.lwjgl/lwjgl/3.3.6/dc7db8fc4f1e6563867f9155b9a42d9c73d8992f/lwjgl-3.3.6-natives-linux.jar:/home/alyndenjayevans/.gradle/caches/modules-2/files-2.1/org.lwjgl/lwjgl/3.3.6/2c9d698e76c3d0fe307d94cc6f428038492f25df/lwjgl-3.3.6-natives-linux-arm32.jar:/home/alyndenjayevans/.gradle/caches/modules-2/files-2.1/org.lwjgl/lwjgl/3.3.6/9eeb8887b5e3aa672efd2e1b0973ffa5891a3151/lwjgl-3.3.6-natives-linux-arm64.jar:/home/alyndenjayevans/.gradle/caches/modules-2/files-2.1/org.lwjgl/lwjgl/3.3.6/f14e7a5289d2355822f4f83b3fd38d158c939acd/lwjgl-3.3.6-natives-macos.jar:/home/alyndenjayevans/.gradle/caches/modules-2/files-2.1/org.lwjgl/lwjgl/3.3.6/832e2964ce74e02e768814a29c06d60645115b9a/lwjgl-3.3.6-natives-macos-arm64.jar:/home/alyndenjayevans/.gradle/caches/modules-2/files-2.1/com.github.stephengold/j-ogg-vorbis/1.0.6/a69d1cf62eaf75b71af61f9c23265d278a966735/j-ogg-vorbis-1.0.6.jar:/home/alyndenjayevans/.gradle/caches/modules-2/files-2.1/org.jmonkeyengine/jme3-plugins-json-gson/3.8.1-stable/c8f68ae8d04b98d204b8eafd81a63b582480662c/jme3-plugins-json-gson-3.8.1-stable.jar:/home/alyndenjayevans/.gradle/caches/modules-2/files-2.1/org.jmonkeyengine/jme3-plugins-json/3.8.1-stable/f051548736772b45e8e314c772997c0106dce2e8/jme3-plugins-json-3.8.1-stable.jar:/home/alyndenjayevans/.gradle/caches/modules-2/files-2.1/com.github.nifty-gui/nifty-default-controls/1.4.3/2ccafe0182a73da87657ca24b639b6e8c1accd50/nifty-default-controls-1.4.3.jar:/home/alyndenjayevans/.gradle/caches/modules-2/files-2.1/com.github.nifty-gui/nifty/1.4.3/fa9ac16e00d1b375d10f58d1c1eb576950ae8c9d/nifty-1.4.3.jar:/home/alyndenjayevans/.gradle/caches/modules-2/files-2.1/com.github.nifty-gui/nifty-style-black/1.4.3/c20a02dbdeb0bd9d2be258955fceb55c13185a8/nifty-style-black-1.4.3.jar:/home/alyndenjayevans/.gradle/caches/modules-2/files-2.1/com.github.stephengold/jbullet/1.0.3/362f53e8aa981037c2523ac24eb4d9b190a49036/jbullet-1.0.3.jar:/home/alyndenjayevans/.gradle/caches/modules-2/files-2.1/javax.vecmath/vecmath/1.5.2/fd17bc3e67f909573dfc039d8e2abecf407c4e27/vecmath-1.5.2.jar:/home/alyndenjayevans/.gradle/caches/modules-2/files-2.1/com.google.code.gson/gson/2.9.1/2cc2131b98ebfb04e2b2c7dfb84431f4045096b/gson-2.9.1.jar:/home/alyndenjayevans/.gradle/caches/modules-2/files-2.1/xpp3/xpp3/1.1.4c/9b988ea84b9e4e9f1874e390ce099b8ac12cfff5/xpp3-1.1.4c.jar:/home/alyndenjayevans/.gradle/caches/modules-2/files-2.1/com.google.code.findbugs/jsr305/2.0.2/516c03b21d50a644d538de0f0369c620989cd8f0/jsr305-2.0.2.jar:/home/alyndenjayevans/.gradle/caches/modules-2/files-2.1/com.github.stephengold/stack-alloc/1.0.2/13cbb10c01ec09d0f5879f988946a97998175dfc/stack-alloc-1.0.2.jar
Launcher Type: SUN_STANDARD

[Global flags]
     intx CICompilerCount                          = 3                                         {product} {ergonomic}
     uint ConcGCThreads                            = 1                                         {product} {ergonomic}
     uint G1ConcRefinementThreads                  = 4                                         {product} {ergonomic}
   size_t G1HeapRegionSize                         = 8388608                                   {product} {ergonomic}
    uintx GCDrainStackTargetSize                   = 64                                        {product} {ergonomic}
   size_t InitialHeapSize                          = 16257122304                               {product} {command line, ergonomic}
   size_t MarkStackSize                            = 4194304                                   {product} {ergonomic}
   size_t MaxHeapSize                              = 16257122304                               {product} {command line, ergonomic}
   size_t MinHeapDeltaBytes                        = 8388608                                   {product} {ergonomic}
   size_t MinHeapSize                              = 16257122304                               {product} {command line, ergonomic}
    uintx NonNMethodCodeHeapSize                   = 5832780                                {pd product} {ergonomic}
    uintx NonProfiledCodeHeapSize                  = 122912730                              {pd product} {ergonomic}
    uintx ProfiledCodeHeapSize                     = 122912730                              {pd product} {ergonomic}
    uintx ReservedCodeCacheSize                    = 251658240                              {pd product} {ergonomic}
     bool SegmentedCodeCache                       = true                                      {product} {ergonomic}
   size_t SoftMaxHeapSize                          = 16257122304                            {manageable} {ergonomic}
     bool UseCompressedOops                        = true                           {product lp64_product} {ergonomic}
     bool UseG1GC                                  = true                                      {product} {ergonomic}

Logging:
Log output configuration:
 #0: stdout all=warning uptime,level,tags foldmultilines=false
 #1: stderr all=off uptime,level,tags foldmultilines=false

Environment Variables:
PATH=/usr/local/sbin:/usr/local/bin:/usr/local/games:/usr/sbin:/usr/bin:/usr/games:/sbin:/bin
XDG_CONFIG_HOME=/home/alyndenjayevans/.config
SHELL=/bin/bash
DISPLAY=:0
LANG=en_US.UTF-8

Active Locale:
LC_ALL=C
LC_COLLATE=C
LC_CTYPE=C
LC_MESSAGES=C
LC_MONETARY=C
LC_NUMERIC=C
LC_TIME=C

Signal Handlers:
   SIGSEGV: crash_handler in libjvm.so, mask=11100100010111111101111111111110, flags=SA_RESTART|SA_SIGINFO, unblocked
    SIGBUS: crash_handler in libjvm.so, mask=11100100010111111101111111111110, flags=SA_RESTART|SA_SIGINFO, unblocked
    SIGFPE: crash_handler in libjvm.so, mask=11100100010111111101111111111110, flags=SA_RESTART|SA_SIGINFO, unblocked
   SIGPIPE: javaSignalHandler in libjvm.so, mask=11100100010111111101111111111110, flags=SA_RESTART|SA_SIGINFO, blocked
   SIGXFSZ: javaSignalHandler in libjvm.so, mask=11100100010111111101111111111110, flags=SA_RESTART|SA_SIGINFO, blocked
    SIGILL: crash_handler in libjvm.so, mask=11100100010111111101111111111110, flags=SA_RESTART|SA_SIGINFO, unblocked
   SIGUSR2: SR_handler in libjvm.so, mask=00000000000000000000000000000000, flags=SA_RESTART|SA_SIGINFO, blocked
    SIGHUP: SIG_DFL, mask=00000000000000000000000000000000, flags=none, blocked
    SIGINT: SIG_DFL, mask=00000000000000000000000000000000, flags=none, blocked
   SIGTERM: SIG_DFL, mask=00000000000000000000000000000000, flags=none, blocked
   SIGQUIT: UserHandler in libjvm.so, mask=11100100010111111101111111111110, flags=SA_RESTART|SA_SIGINFO, blocked
   SIGTRAP: crash_handler in libjvm.so, mask=11100100010111111101111111111110, flags=SA_RESTART|SA_SIGINFO, unblocked


Periodic native trim disabled

JNI global refs:
JNI global refs: 0, weak refs: 0

JNI global refs memory usage: 0, weak refs: 0

Process memory usage:
Resident Set Size: 19968K (0% of 14858932K total physical memory with 11995756K free physical memory)

OOME stack traces (most recent first):
Classloader memory used:

---------------  S Y S T E M  ---------------

OS:
PRETTY_NAME="Debian GNU/Linux 12 (bookworm)"
NAME="Debian GNU/Linux"
VERSION_ID="12"
VERSION="12 (bookworm)"
VERSION_CODENAME=bookworm
ID=debian
HOME_URL="https://www.debian.org/"
SUPPORT_URL="https://www.debian.org/support"
BUG_REPORT_URL="https://bugs.debian.org/"
uname: Linux 6.6.88-08646-g082267a5c5ac #1 SMP PREEMPT_DYNAMIC Fri, 29 Aug 2025 06:42:16 -0700 x86_64
OS uptime: 0 days 7:45 hours
libc: glibc 2.36 NPTL 2.36 
rlimit (soft/hard): STACK 8192k/infinity , CORE 0k/infinity , NPROC 58033/58033 , NOFILE 1048576/1048576 , AS infinity/infinity , CPU infinity/infinity , DATA infinity/infinity , FSIZE infinity/infinity , MEMLOCK infinity/infinity
load average: 2.78 1.26 1.15

/proc/meminfo:
MemTotal:       14858932 kB
MemFree:        10168748 kB
MemAvailable:   11995756 kB
Buffers:               0 kB
Cached:          1827008 kB
SwapCached:            0 kB
Active:          4190544 kB
Inactive:         403376 kB
Active(anon):    2812576 kB
Inactive(anon):        0 kB
Active(file):    1377968 kB
Inactive(file):   403376 kB
Unevictable:       42228 kB
Mlocked:              48 kB
SwapTotal:             0 kB
SwapFree:              0 kB
Dirty:              3312 kB
Writeback:             0 kB
AnonPages:       2766928 kB
Mapped:           344880 kB
Shmem:             45648 kB
KReclaimable:      29324 kB
Slab:                  0 kB
SReclaimable:          0 kB
SUnreclaim:            0 kB
KernelStack:        7920 kB
PageTables:        17548 kB
SecPageTables:         0 kB
NFS_Unstable:          0 kB
Bounce:                0 kB
WritebackTmp:          0 kB
CommitLimit:     7429464 kB
Committed_AS:    5454164 kB
VmallocTotal:   34359738367 kB
VmallocUsed:        9500 kB
VmallocChunk:          0 kB
Percpu:             1584 kB
AnonHugePages:         0 kB
ShmemHugePages:        0 kB
ShmemPmdMapped:        0 kB
FileHugePages:         0 kB
FilePmdMapped:         0 kB
HugePages_Total:       0
HugePages_Free:        0
HugePages_Rsvd:        0
HugePages_Surp:        0
Hugepagesize:       2048 kB
Hugetlb:               0 kB
DirectMap4k:      162816 kB
DirectMap2M:    10872832 kB
DirectMap1G:     5242880 kB

/sys/kernel/mm/transparent_hugepage/enabled: always madvise [never]
/sys/kernel/mm/transparent_hugepage/hpage_pmd_size: 2097152
/sys/kernel/mm/transparent_hugepage/defrag (defrag/compaction efforts parameter): always defer defer+madvise [madvise] never

Process Memory:
Virtual Size: 943380K (peak: 16815520K)
Resident Set Size: 19968K (peak: 19968K) (anon: 6528K, file: 13440K, shmem: 0K)
Swapped out: 0K
C-Heap outstanding allocations: 13570K, retained: 589K
glibc malloc tunables: (default)

/proc/sys/kernel/threads-max (system-wide limit on the number of threads): 116066
/proc/sys/vm/max_map_count (maximum number of memory map areas a process may have): 262144
/proc/sys/vm/swappiness (control to define how aggressively the kernel swaps out anonymous memory): 60
/proc/sys/kernel/pid_max (system-wide limit on number of process identifiers): 32768

container (cgroup) information:
container_type: cgroupv1
cpu_cpuset_cpus: 0-3
cpu_memory_nodes: 0
active_processor_count: 4
cpu_quota: no quota
cpu_period: 100000
cpu_shares: no shares
memory_limit_in_bytes: unlimited
memory_and_swap_limit_in_bytes: unlimited
memory_soft_limit_in_bytes: unlimited
memory_usage_in_bytes: 4632024 k
memory_max_usage_in_bytes: 14526032 k
kernel_memory_limit_in_bytes: unlimited
kernel_memory_usage_in_bytes: 46664 k
kernel_memory_max_usage_in_bytes: 88240 k
maximum number of tasks: unlimited
current number of tasks: 300

KVM virtualization detected
Steal ticks since vm start: 0
Steal ticks percentage since vm start:  0.000

CPU: total 4 (initial active 4) (4 cores per cpu, 1 threads per core) family 6 model 142 stepping 9 microcode 0x1, cx8, cmov, fxsr, mmx, 3dnowpref, sse, sse2, sse3, ssse3, sse4.1, sse4.2, popcnt, lzcnt, tsc, tscinvbit, avx, avx2, aes, erms, clmul, bmi1, bmi2, adx, fma, vzeroupper, clflush, clflushopt, hv, rdtscp, f16c
CPU Model and flags from /proc/cpuinfo:
model name	: Intel(R) Core(TM) i5-8200Y CPU @ 1.30GHz
flags		: fpu vme de pse tsc msr pae mce cx8 apic sep mtrr pge mca cmov pat pse36 clflush mmx fxsr sse sse2 ss ht syscall nx pdpe1gb rdtscp lm constant_tsc arch_perfmon rep_good nopl xtopology nonstop_tsc cpuid tsc_known_freq pni pclmulqdq vmx ssse3 fma cx16 pdcm pcid sse4_1 sse4_2 x2apic movbe popcnt tsc_deadline_timer aes xsave avx f16c rdrand hypervisor lahf_lm abm 3dnowprefetch cpuid_fault pti ssbd ibrs ibpb stibp tpr_shadow flexpriority ept vpid ept_ad fsgsbase tsc_adjust bmi1 avx2 smep bmi2 erms invpcid mpx rdseed adx smap clflushopt xsaveopt xsavec xgetbv1 xsaves arat vnmi umip md_clear arch_capabilities

Online cpus: 0-3
Offline cpus: 
BIOS frequency limitation: <Not Available>
Frequency switch latency (ns): <Not Available>
Available cpu frequencies: <Not Available>
Current governor: <Not Available>
Core performance/turbo boost: <Not Available>

Memory: 4k page, physical 14858932k(11995508k free), swap 0k(0k free)
Page Sizes: 4k

vm_info: OpenJDK 64-Bit Server VM (21.0.8+-14196175-b1038.72) for linux-amd64 JRE (21.0.8+-14196175-b1038.72), built on 2025-10-01T10:16:33Z by "builder" with clang Android (13290119, +pgo, +bolt, +lto, +mlgo, based on r547379) Clang 20.0.0 (https://android.googlesource.com/toolchain/llvm-project b718bcaf8c198c82f3021447d943401e3ab5bd54)

END.
